<?xml version="1.0" encoding="UTF-8"?>
<!-- Generated by org.testng.reporters.JUnitReportReporter -->
<testsuite hostname="G045LTRV" failures="0" tests="1" name="com.automation.tesing.LeaveTest" time="22.503" errors="0" timestamp="2024-07-17T10:07:01 IST" skipped="0">
  <testcase classname="com.automation.tesing.LeaveTest" name="verifyLeaveApplied" time="22.503"/>
</testsuite> <!-- com.automation.tesing.LeaveTest -->
