<?xml version="1.0" encoding="UTF-8"?>
<!-- Generated by org.testng.reporters.JUnitReportReporter -->
<testsuite hostname="G045LTRV" failures="0" tests="1" name="com.automation.tesing.LoginTest" time="19.548" errors="0" timestamp="2024-07-16T14:44:29 IST" skipped="0">
  <testcase classname="com.automation.tesing.LoginTest" name="verifyUserCanLogin" time="19.548"/>
</testsuite> <!-- com.automation.tesing.LoginTest -->
